
> gpfront@0.1.0 dev
> next dev

▲ Next.js 16.1.6 (Turbopack)
- Local:         http://localhost:3000
- Network:       http://192.168.1.5:3000
- Environments: .env.local

✓ Starting...
✓ Ready in 1137ms
 GET /properties 200 in 666ms (compile: 377ms, render: 290ms)
 GET /properties 200 in 75ms (compile: 5ms, render: 70ms)
 GET /properties/3 200 in 586ms (compile: 516ms, render: 70ms)
✓ Compiled in 81ms
✓ Compiled in 41ms
✓ Compiled in 358ms
 GET /properties?searchType=buy 200 in 125ms (compile: 51ms, render: 73ms)
 GET /properties?searchType=rent 200 in 21ms (compile: 3ms, render: 17ms)
 GET /profile/add-property 200 in 64ms (compile: 39ms, render: 25ms)
 GET /about 200 in 79ms (compile: 53ms, render: 27ms)
 GET /properties 200 in 26ms (compile: 3ms, render: 23ms)
 GET /profile/add-property 200 in 27ms (compile: 3ms, render: 23ms)
 GET / 200 in 57ms (compile: 31ms, render: 27ms)
 GET / 200 in 201ms (compile: 4ms, render: 197ms)
✓ Compiled in 76ms
 GET / 200 in 305ms (compile: 86ms, render: 219ms)
 GET /properties 200 in 24ms (compile: 5ms, render: 19ms)
✓ Compiled in 283ms
 GET /profile 200 in 76ms (compile: 47ms, render: 29ms)
 GET /properties/6 200 in 275ms (compile: 172ms, render: 103ms)
✓ Compiled in 37ms
 GET /properties/21 200 in 35ms (compile: 10ms, render: 24ms)
 GET /profile/add-property 200 in 41ms (compile: 7ms, render: 34ms)
✓ Compiled in 23ms
✓ Compiled in 23ms
✓ Compiled in 17ms
 GET /profile 200 in 17ms (compile: 3ms, render: 15ms)
 GET /properties/29 200 in 27ms (compile: 8ms, render: 20ms)
✓ Compiled in 45ms
✓ Compiled in 130ms
✓ Compiled in 40ms
 GET / 200 in 22ms (compile: 4ms, render: 18ms)
✓ Compiled in 30ms
✓ Compiled in 20ms
 GET /properties 200 in 217ms (compile: 106ms, render: 111ms)
 GET /properties?minArea=20 200 in 18ms (compile: 3ms, render: 15ms)
 GET /properties?minArea=240 200 in 19ms (compile: 3ms, render: 17ms)
 GET /properties?minArea=400 200 in 125ms (compile: 5ms, render: 121ms)
 GET /properties?minArea=470 200 in 151ms (compile: 6ms, render: 145ms)
 GET /properties?minArea=540 200 in 154ms (compile: 4ms, render: 151ms)
 GET /properties?minArea=580 200 in 156ms (compile: 5ms, render: 151ms)
 GET /properties?minArea=630 200 in 149ms (compile: 41ms, render: 108ms)
 GET /properties?minArea=610 200 in 153ms (compile: 21ms, render: 132ms)
 GET /properties?minArea=690 200 in 113ms (compile: 9ms, render: 103ms)
 GET /properties?minArea=730 200 in 158ms (compile: 8ms, render: 150ms)
 GET /properties?minArea=770 200 in 134ms (compile: 5ms, render: 129ms)
 GET /properties?minArea=830 200 in 163ms (compile: 6ms, render: 157ms)
 GET /properties?minArea=850 200 in 151ms (compile: 5ms, render: 146ms)
 GET /properties?minArea=880 200 in 152ms (compile: 23ms, render: 128ms)
 GET /properties?minArea=920 200 in 130ms (compile: 14ms, render: 117ms)
 GET /properties?minArea=930 200 in 97ms (compile: 10ms, render: 87ms)
 GET /properties?minArea=950 200 in 60ms (compile: 7ms, render: 53ms)
 GET /properties?minArea=980 200 in 39ms (compile: 5ms, render: 35ms)
 GET /properties?minArea=1000 200 in 22ms (compile: 4ms, render: 18ms)
 GET /properties?minArea=1020 200 in 38ms (compile: 2ms, render: 36ms)
 GET /properties?minArea=1010 200 in 24ms (compile: 3ms, render: 20ms)
 GET /properties?minArea=970 200 in 27ms (compile: 3ms, render: 24ms)
 GET /properties?minArea=940 200 in 20ms (compile: 2ms, render: 17ms)
✓ Compiled in 58ms
 GET /properties?minArea=941 200 in 119ms (compile: 60ms, render: 59ms)
 GET /properties?minArea=940 200 in 18ms (compile: 4ms, render: 14ms)
 GET /properties?minArea=939 200 in 18ms (compile: 3ms, render: 15ms)
 GET /properties?minArea=938 200 in 20ms (compile: 5ms, render: 15ms)
 GET /properties?minArea=937 200 in 42ms (compile: 6ms, render: 35ms)
 GET /properties?minArea=2 200 in 30ms (compile: 3ms, render: 27ms)
 GET /properties/6 200 in 30ms (compile: 8ms, render: 22ms)
 GET / 200 in 25ms (compile: 4ms, render: 21ms)
 GET /properties/21 200 in 28ms (compile: 8ms, render: 20ms)
 GET /properties?searchType=buy 200 in 14ms (compile: 2ms, render: 12ms)
 GET /properties?searchType=buy&maxPrice=27940000 200 in 19ms (compile: 3ms, render: 16ms)
 GET /properties?searchType=buy&maxPrice=27940000&minArea=2270 200 in 26ms (compile: 3ms, render: 22ms)
 GET /properties?searchType=buy&maxPrice=27940000&minArea=650 200 in 19ms (compile: 2ms, render: 16ms)
 GET /properties?searchType=buy&maxPrice=27940000&minArea=90 200 in 17ms (compile: 2ms, render: 15ms)
 GET /properties?searchType=buy&maxPrice=27940000&minArea=90&years=1 200 in 17ms (compile: 4ms, render: 13ms)
 GET /properties?searchType=buy&maxPrice=27940000&minArea=90&payment=cash&years=1 200 in 17ms (compile: 3ms, render: 14ms)
 GET /properties?searchType=buy&maxPrice=27940000&minArea=90&payment=installment&years=1 200 in 21ms (compile: 3ms, render: 19ms)
 GET /properties 200 in 19ms (compile: 2ms, render: 17ms)
 GET /profile 200 in 20ms (compile: 3ms, render: 17ms)
 GET /profile 200 in 16ms (compile: 2ms, render: 13ms)
 GET /profile 200 in 23ms (compile: 4ms, render: 18ms)
 GET /about 200 in 25ms (compile: 5ms, render: 20ms)
 GET /profile/add-property 200 in 38ms (compile: 4ms, render: 33ms)
 GET /properties 200 in 17ms (compile: 3ms, render: 14ms)
✓ Compiled in 42ms
 GET /profile 200 in 18ms (compile: 2ms, render: 16ms)
 GET /properties/28 200 in 26ms (compile: 7ms, render: 18ms)
 GET /properties/29 200 in 22ms (compile: 7ms, render: 15ms)
 GET / 200 in 26ms (compile: 4ms, render: 22ms)
 GET /profile 200 in 16ms (compile: 2ms, render: 14ms)
 GET /properties/30 200 in 26ms (compile: 8ms, render: 18ms)
 GET /properties 200 in 139ms (compile: 74ms, render: 65ms)
 GET /properties/30 200 in 33ms (compile: 11ms, render: 23ms)
 GET /properties 200 in 221ms (compile: 5ms, render: 216ms)
 GET /properties/28 200 in 26ms (compile: 8ms, render: 18ms)
✓ Compiled in 22ms
 GET /properties?features=security 200 in 130ms (compile: 71ms, render: 59ms)
 GET /properties?features=security%2Cbalcony 200 in 14ms (compile: 2ms, render: 12ms)
 GET /properties?features=security%2Cbalcony%2Celevator 200 in 14ms (compile: 1939µs, render: 12ms)
 GET /properties?features=balcony%2Celevator 200 in 19ms (compile: 5ms, render: 15ms)
 GET /properties?features=elevator 200 in 18ms (compile: 3ms, render: 15ms)
 GET /properties 200 in 16ms (compile: 4ms, render: 12ms)
✓ Compiled in 88ms
 GET /properties 200 in 139ms (compile: 79ms, render: 60ms)
 GET /properties 200 in 36ms (compile: 7ms, render: 28ms)
✓ Compiled in 20ms
✓ Compiled in 11ms
 GET /properties/29 200 in 29ms (compile: 10ms, render: 19ms)
✓ Compiled in 19ms
 GET / 200 in 126ms (compile: 67ms, render: 59ms)
 GET /properties 200 in 107ms (compile: 53ms, render: 53ms)
 GET /properties/30 200 in 29ms (compile: 9ms, render: 21ms)
 GET /properties/29 200 in 25ms (compile: 8ms, render: 17ms)
 GET /profile/add-property 200 in 19ms (compile: 3ms, render: 16ms)
 GET /profile 200 in 121ms (compile: 69ms, render: 53ms)
 GET /profile 200 in 13ms (compile: 2ms, render: 11ms)
 GET /properties/4 200 in 23ms (compile: 7ms, render: 16ms)
 GET / 200 in 18ms (compile: 2ms, render: 16ms)
 GET /about 200 in 18ms (compile: 5ms, render: 12ms)
 GET /properties/5 200 in 23ms (compile: 8ms, render: 15ms)
✓ Compiled in 21ms
✓ Compiled in 12ms
 GET /profile 200 in 275ms (compile: 62ms, render: 212ms)
 GET /profile 200 in 51ms (compile: 4ms, render: 47ms)
✓ Compiled in 17ms
 GET /profile 200 in 234ms (compile: 58ms, render: 177ms)
✓ Compiled in 31ms
 GET /profile 200 in 85ms (compile: 3ms, render: 82ms)
 GET /profile 200 in 89ms (compile: 3ms, render: 86ms)
 GET /profile 200 in 102ms (compile: 2ms, render: 100ms)
 GET /profile 200 in 77ms (compile: 5ms, render: 72ms)
 GET /profile 200 in 49ms (compile: 5ms, render: 45ms)
 GET /profile 200 in 27ms (compile: 4ms, render: 23ms)
✓ Compiled in 134ms
✓ Compiled in 17ms
✓ Compiled in 38ms
✓ Compiled in 19ms
 GET /profile 200 in 39ms (compile: 3ms, render: 35ms)
 GET /profile 200 in 60ms (compile: 2ms, render: 58ms)
 GET /profile 200 in 62ms (compile: 4ms, render: 58ms)
 GET /profile 200 in 71ms (compile: 3ms, render: 68ms)
 GET /profile 200 in 47ms (compile: 3ms, render: 44ms)
 GET /profile 200 in 64ms (compile: 2ms, render: 62ms)
 GET /profile 200 in 60ms (compile: 2ms, render: 58ms)
 GET /profile 200 in 64ms (compile: 2ms, render: 61ms)
 GET /profile 200 in 60ms (compile: 2ms, render: 58ms)
 GET /profile 200 in 40ms (compile: 2ms, render: 38ms)
 GET /profile 200 in 35ms (compile: 1867µs, render: 33ms)
 GET /profile 200 in 36ms (compile: 1983µs, render: 34ms)
 GET /profile 200 in 31ms (compile: 2ms, render: 29ms)
 GET /profile 200 in 36ms (compile: 3ms, render: 33ms)
 GET /profile 200 in 47ms (compile: 2ms, render: 45ms)
 GET /profile 200 in 36ms (compile: 1923µs, render: 34ms)
 GET /profile 200 in 34ms (compile: 2ms, render: 32ms)
 GET /profile 200 in 33ms (compile: 1845µs, render: 31ms)
 GET /properties 200 in 34ms (compile: 7ms, render: 27ms)
 GET /properties/30 200 in 34ms (compile: 17ms, render: 16ms)
 GET /profile 200 in 19ms (compile: 3ms, render: 16ms)
 GET /profile 200 in 44ms (compile: 3ms, render: 41ms)
✓ Compiled in 16ms
 GET /profile 200 in 213ms (compile: 56ms, render: 157ms)
 GET / 200 in 35ms (compile: 5ms, render: 30ms)
✓ Compiled in 114ms
 GET /profile 200 in 15ms (compile: 3ms, render: 12ms)
 GET / 200 in 17ms (compile: 3ms, render: 14ms)
 GET /about 200 in 28ms (compile: 14ms, render: 15ms)
 GET /profile/add-property 200 in 27ms (compile: 12ms, render: 15ms)
 GET /properties 200 in 14ms (compile: 3ms, render: 10ms)
 GET /profile 200 in 15ms (compile: 4ms, render: 11ms)
 GET /profile/add-property 200 in 13ms (compile: 1916µs, render: 11ms)
 GET /profile/add-property 200 in 19ms (compile: 2ms, render: 17ms)
✓ Compiled in 106ms
 GET /profile 200 in 211ms (compile: 61ms, render: 150ms)
✓ Compiled in 140ms
✓ Compiled in 14ms
✓ Compiled in 36ms
 GET /properties 200 in 124ms (compile: 66ms, render: 59ms)
 GET /profile/add-property 200 in 111ms (compile: 63ms, render: 49ms)
 GET /about 200 in 97ms (compile: 62ms, render: 34ms)
 GET /profile/add-property 200 in 36ms (compile: 4ms, render: 33ms)
✓ Compiled in 15ms
✓ Compiled in 13ms
✓ Compiled in 15ms
✓ Compiled in 17ms
✓ Compiled in 22ms
✓ Compiled in 32ms
✓ Compiled in 31ms
 GET /about 200 in 186ms (compile: 124ms, render: 62ms)
 GET /about 200 in 25ms (compile: 2ms, render: 23ms)
 GET /profile/add-property 200 in 196ms (compile: 116ms, render: 80ms)
 GET /about 200 in 27ms (compile: 2ms, render: 25ms)
 GET /properties 200 in 206ms (compile: 136ms, render: 71ms)
 GET /properties 200 in 31ms (compile: 6ms, render: 25ms)
✓ Compiled in 22ms
✓ Compiled in 63ms
✓ Compiled in 69ms
 GET /properties 200 in 197ms (compile: 81ms, render: 116ms)
 GET /properties 200 in 56ms (compile: 3ms, render: 53ms)
 GET /properties 200 in 34ms (compile: 2ms, render: 32ms)
 GET /properties/30 200 in 112ms (compile: 70ms, render: 41ms)
 GET /about 200 in 43ms (compile: 4ms, render: 40ms)
 GET /profile/add-property 200 in 27ms (compile: 4ms, render: 22ms)
 GET /properties 200 in 21ms (compile: 4ms, render: 17ms)
 GET /profile 200 in 100ms (compile: 64ms, render: 37ms)
✓ Compiled in 22ms
✓ Compiled in 42ms
✓ Compiled in 40ms
✓ Compiled in 57ms
✓ Compiled in 26ms
✓ Compiled in 36ms
✓ Compiled in 50ms
 GET /profile/add-property 200 in 140ms (compile: 91ms, render: 50ms)
 GET /profile 200 in 174ms (compile: 93ms, render: 81ms)
 GET /profile 200 in 26ms (compile: 4ms, render: 22ms)
 GET /properties 200 in 149ms (compile: 103ms, render: 46ms)
✓ Compiled in 57ms
✓ Compiled in 47ms
 GET /properties 200 in 54ms (compile: 7ms, render: 48ms)
✓ Compiled in 23ms
 GET /properties/30 200 in 179ms (compile: 110ms, render: 69ms)
✓ Compiled in 24ms
✓ Compiled in 21ms
 GET /properties/30 200 in 128ms (compile: 78ms, render: 50ms)
 GET / 200 in 107ms (compile: 68ms, render: 38ms)
✓ Compiled in 31ms
✓ Compiled in 27ms
✓ Compiled in 26ms
 GET /properties?location=f 200 in 319ms (compile: 186ms, render: 133ms)
 GET /properties?location=fa 200 in 19ms (compile: 3ms, render: 16ms)
 GET /properties?location=f 200 in 22ms (compile: 2ms, render: 20ms)
 GET /properties 200 in 18ms (compile: 2ms, render: 16ms)
 GET /properties?location=w 200 in 25ms (compile: 6ms, render: 19ms)
 GET /properties?location=we 200 in 119ms (compile: 78ms, render: 40ms)
 GET /properties?location=wes 200 in 33ms (compile: 5ms, render: 28ms)
 GET /properties?location=west 200 in 25ms (compile: 2ms, render: 23ms)
 GET /properties?location=wes 200 in 25ms (compile: 3ms, render: 21ms)
 GET /properties?location=we 200 in 18ms (compile: 2ms, render: 16ms)
 GET /properties?location=w 200 in 18ms (compile: 2ms, render: 16ms)
 GET /properties 200 in 41ms (compile: 6ms, render: 35ms)
✓ Compiled in 92ms
 GET /properties?features=water-meter 200 in 20ms (compile: 3ms, render: 17ms)
 GET / 200 in 32ms (compile: 5ms, render: 27ms)
 GET /profile 200 in 217ms (compile: 127ms, render: 89ms)
 GET / 200 in 17ms (compile: 3ms, render: 14ms)
 GET /profile/add-property 200 in 187ms (compile: 108ms, render: 79ms)
 GET /properties 200 in 35ms (compile: 3ms, render: 33ms)
 GET /profile 200 in 30ms (compile: 3ms, render: 28ms)
✓ Compiled in 30ms
 GET /properties 200 in 33ms (compile: 5ms, render: 28ms)
✓ Compiled in 32ms
✓ Compiled in 28ms
✓ Compiled in 28ms
 GET /properties 200 in 189ms (compile: 107ms, render: 82ms)
 GET /about 200 in 205ms (compile: 107ms, render: 98ms)
 GET /profile/add-property 200 in 37ms (compile: 6ms, render: 31ms)
 GET /properties 200 in 26ms (compile: 4ms, render: 22ms)
✓ Compiled in 49ms
✓ Compiled in 32ms
 GET /properties 200 in 753ms (compile: 334ms, render: 419ms)
✓ Compiled in 28ms
 GET /properties 200 in 382ms (compile: 126ms, render: 257ms)
 GET /properties?maxPrice=1500000 200 in 13ms (compile: 1984µs, render: 11ms)
 GET /properties?maxPrice=1500000&rooms=2 200 in 16ms (compile: 2ms, render: 13ms)
✓ Compiled in 26ms
✓ Compiled in 30ms
✓ Compiled in 21ms
✓ Compiled in 81ms
 GET /properties?maxPrice=1500000&rooms=2 200 in 205ms (compile: 137ms, render: 68ms)
✓ Compiled in 28ms
✓ Compiled in 28ms
✓ Compiled in 42ms
✓ Compiled in 37ms
✓ Compiled in 28ms
✓ Compiled in 98ms
✓ Compiled in 38ms
✓ Compiled in 70ms
✓ Compiled in 22ms
✓ Compiled in 28ms
✓ Compiled in 38ms
✓ Compiled in 32ms
 GET /properties?minPrice=370000&maxPrice=2780000&minArea=10&maxArea=490 200 in 318ms (compile: 133ms, render: 184ms)
✓ Compiled in 37ms
✓ Compiled in 25ms
✓ Compiled in 26ms
✓ Compiled in 44ms
 GET /properties?searchType=buy&minPrice=370000&maxPrice=2780000&minArea=10&maxArea=490 200 in 173ms (compile: 89ms, render: 84ms)
 GET /properties?minPrice=370000&maxPrice=2780000&minArea=10&maxArea=490 200 in 39ms (compile: 4ms, render: 35ms)
 GET /properties?searchType=rent&minPrice=370000&maxPrice=2780000&minArea=10&maxArea=490 200 in 21ms (compile: 3ms, render: 19ms)
 GET /properties?minPrice=370000&maxPrice=2780000&minArea=10&maxArea=490 200 in 16ms (compile: 2ms, render: 14ms)
✓ Compiled in 37ms
✓ Compiled in 49ms
 GET /profile 200 in 223ms (compile: 143ms, render: 80ms)
✓ Compiled in 35ms
 GET /properties 200 in 213ms (compile: 134ms, render: 80ms)
✓ Compiled in 34ms
✓ Compiled in 37ms
✓ Compiled in 33ms
 GET /properties?searchType=buy 200 in 156ms (compile: 87ms, render: 69ms)
 GET /properties?searchType=rent 200 in 27ms (compile: 6ms, render: 21ms)
 GET /properties 200 in 17ms (compile: 3ms, render: 14ms)
✓ Compiled in 42ms
✓ Compiled in 22ms
✓ Compiled in 27ms
 GET /properties?type=apartment 200 in 142ms (compile: 99ms, render: 43ms)
 GET /properties?type=apartment&searchType=buy 200 in 23ms (compile: 2ms, render: 21ms)
 GET /properties?type=apartment&searchType=buy&maxPrice=0 200 in 16ms (compile: 2ms, render: 13ms)
 GET /properties?type=apartment&searchType=buy&maxPrice=1 200 in 20ms (compile: 5ms, render: 15ms)
 GET /properties?type=apartment&searchType=buy&maxPrice=2 200 in 17ms (compile: 2ms, render: 15ms)
 GET /properties?type=apartment&searchType=buy&maxPrice=3 200 in 15ms (compile: 2ms, render: 13ms)
 GET /properties?type=apartment&searchType=buy&maxPrice=4 200 in 17ms (compile: 3ms, render: 15ms)
 GET /properties?type=apartment&searchType=buy&maxPrice=5 200 in 44ms (compile: 7ms, render: 38ms)
 GET /properties?type=apartment&searchType=buy&maxPrice=6 200 in 17ms (compile: 3ms, render: 14ms)
 GET /properties?type=apartment&searchType=buy&maxPrice=7 200 in 19ms (compile: 3ms, render: 15ms)
 GET /properties?type=apartment&searchType=buy&maxPrice=8 200 in 23ms (compile: 3ms, render: 20ms)
 GET /properties?type=apartment&searchType=buy&maxPrice=9 200 in 26ms (compile: 4ms, render: 22ms)
 GET /properties?type=apartment&searchType=buy&maxPrice=10 200 in 24ms (compile: 4ms, render: 20ms)
 GET /properties?type=apartment&searchType=buy&maxPrice=11 200 in 27ms (compile: 4ms, render: 24ms)
 GET /properties?type=apartment&searchType=buy&maxPrice=5 200 in 19ms (compile: 3ms, render: 15ms)
 GET /properties?type=apartment&searchType=buy&maxPrice=50 200 in 16ms (compile: 3ms, render: 13ms)
 GET /properties?type=apartment&searchType=buy&maxPrice=500 200 in 17ms (compile: 2ms, render: 15ms)
 GET /properties?type=apartment&searchType=buy&maxPrice=5000 200 in 18ms (compile: 3ms, render: 16ms)
 GET /properties?type=apartment&searchType=buy&maxPrice=50000 200 in 15ms (compile: 2ms, render: 13ms)
 GET /properties?type=apartment&searchType=buy&maxPrice=500000 200 in 27ms (compile: 5ms, render: 22ms)
 GET /properties?type=apartment&searchType=buy&maxPrice=50000 200 in 20ms (compile: 2ms, render: 18ms)
 GET /properties?type=apartment&searchType=buy&maxPrice=5000 200 in 15ms (compile: 1895µs, render: 13ms)
 GET /properties?type=apartment&searchType=buy&maxPrice=500 200 in 15ms (compile: 2ms, render: 13ms)
 GET /properties?type=apartment&searchType=buy&maxPrice=50 200 in 15ms (compile: 2ms, render: 13ms)
 GET /properties?type=apartment&searchType=buy&maxPrice=5 200 in 22ms (compile: 2ms, render: 19ms)
 GET /properties?type=apartment&searchType=buy 200 in 18ms (compile: 2ms, render: 16ms)
 GET /properties?type=apartment&searchType=buy&maxPrice=0 200 in 18ms (compile: 3ms, render: 15ms)
 GET /properties?type=apartment&searchType=buy 200 in 16ms (compile: 2ms, render: 13ms)
✓ Compiled in 33ms
 GET /properties?location=h&type=apartment&searchType=buy 200 in 22ms (compile: 3ms, render: 19ms)
 GET /properties?type=apartment&searchType=buy 200 in 30ms (compile: 2ms, render: 28ms)
 GET /properties?location=h&type=apartment&searchType=buy 200 in 23ms (compile: 2ms, render: 21ms)
 GET /properties?location=he&type=apartment&searchType=buy 200 in 19ms (compile: 3ms, render: 16ms)
 GET /properties?location=h&type=apartment&searchType=buy 200 in 15ms (compile: 1940µs, render: 13ms)
 GET /properties?type=apartment&searchType=buy 200 in 14ms (compile: 2ms, render: 12ms)
 GET /properties?type=apartment&searchType=buy 200 in 205ms (compile: 2ms, render: 202ms)
✓ Compiled in 24ms
✓ Compiled in 42ms
✓ Compiled in 26ms
✓ Compiled in 23ms
✓ Compiled in 25ms
✓ Compiled in 23ms
✓ Compiled in 21ms
✓ Compiled in 29ms
✓ Compiled in 24ms
✓ Compiled in 44ms
✓ Compiled in 35ms
✓ Compiled in 24ms
✓ Compiled in 37ms
 GET / 200 in 47ms (compile: 9ms, render: 38ms)
✓ Compiled in 39ms
 GET /properties?type=apartment&searchType=buy 200 in 556ms (compile: 105ms, render: 451ms)
✓ Compiled in 50ms
 GET /properties?type=apartment&searchType=buy 200 in 505ms (compile: 209ms, render: 296ms)
 GET / 200 in 24ms (compile: 4ms, render: 20ms)
✓ Compiled in 20ms
✓ Compiled in 33ms
✓ Compiled in 25ms
✓ Compiled in 10ms
✓ Compiled in 19ms
✓ Compiled in 12ms
 GET / 200 in 474ms (compile: 171ms, render: 302ms)
✓ Compiled in 30ms
✓ Compiled in 23ms
✓ Compiled in 71ms
✓ Compiled in 24ms
✓ Compiled in 28ms
✓ Compiled in 67ms
✓ Compiled in 21ms
✓ Compiled in 10ms
✓ Compiled in 25ms
✓ Compiled in 34ms
✓ Compiled in 44ms
✓ Compiled in 27ms
✓ Compiled in 27ms
✓ Compiled in 36ms
✓ Compiled in 21ms
 GET / 200 in 204ms (compile: 133ms, render: 71ms)
 GET /properties 200 in 164ms (compile: 89ms, render: 75ms)
 GET / 200 in 25ms (compile: 4ms, render: 22ms)
 GET / 200 in 24ms (compile: 3ms, render: 21ms)
 GET / 200 in 25ms (compile: 3ms, render: 22ms)
 GET / 200 in 24ms (compile: 2ms, render: 22ms)
 GET /properties 200 in 28ms (compile: 6ms, render: 22ms)
 GET /properties/30 200 in 248ms (compile: 183ms, render: 65ms)
✓ Compiled in 32ms
✓ Compiled in 23ms
✓ Compiled in 27ms
 GET /properties 200 in 220ms (compile: 3ms, render: 217ms)
✓ Compiled in 18ms
✓ Compiled in 31ms
✓ Compiled in 24ms
 GET /profile 200 in 200ms (compile: 92ms, render: 108ms)
 GET /profile/add-property 200 in 176ms (compile: 81ms, render: 95ms)
 GET / 200 in 113ms (compile: 52ms, render: 62ms)
✓ Compiled in 32ms
 GET /properties 200 in 169ms (compile: 85ms, render: 84ms)
✓ Compiled in 28ms
✓ Compiled in 28ms
✓ Compiled in 42ms
✓ Compiled in 28ms
✓ Compiled in 28ms
 GET / 200 in 22ms (compile: 6ms, render: 16ms)
✓ Compiled in 36ms
 GET /login 200 in 1642ms (compile: 1610ms, render: 32ms)
 GET / 200 in 19ms (compile: 3ms, render: 17ms)
 GET /profile 200 in 21ms (compile: 3ms, render: 18ms)
✓ Compiled in 36ms
 GET /profile/add-property 200 in 25ms (compile: 4ms, render: 22ms)
 GET /profile/add-property 200 in 30ms (compile: 5ms, render: 25ms)
 GET /profile/add-property 200 in 25ms (compile: 1884µs, render: 23ms)
 GET /properties 200 in 25ms (compile: 4ms, render: 21ms)
✓ Compiled in 31ms
✓ Compiled in 28ms
✓ Compiled in 32ms
✓ Compiled in 23ms
✓ Compiled in 82ms
✓ Compiled in 42ms
✓ Compiled in 32ms
✓ Compiled in 37ms
✓ Compiled in 40ms
 GET / 200 in 27ms (compile: 4ms, render: 23ms)
✓ Compiled in 33ms
✓ Compiled in 40ms
 GET /profile 200 in 36ms (compile: 5ms, render: 31ms)
 GET /properties 200 in 151ms (compile: 87ms, render: 64ms)
